<?xml version="1.0" encoding="UTF-8"?>
<testsuite name="PingPongTest" tests="1" skipped="0" failures="0" errors="0" timestamp="2016-04-18T23:24:16" hostname="epicodus-92.local" time="0.002">
  <properties/>
  <testcase name="isUserNumber_DivisibleByThreeFiveOrFifteen_Array" classname="PingPongTest" time="0.002"/>
  <system-out><![CDATA[[1]
[1, 2]
]]></system-out>
  <system-err><![CDATA[]]></system-err>
</testsuite>
